<?xml version="1.0" encoding="UTF-8"?>
<!-- Generated by org.testng.reporters.JUnitXMLReporter -->
<testsuite hostname="LAPTOP-5M23O5EG" ignored="0" name="Default test" tests="5" failures="0" timestamp="29 Sep 2019 07:30:14 GMT" time="25.365" errors="0">
  <testcase name="readCredentials" time="0.532" classname="com.worldpay.Assignment"/>
  <testcase name="login" time="5.932" classname="com.worldpay.Assignment"/>
  <testcase name="searchAndSelectProduct" time="5.256" classname="com.worldpay.Assignment"/>
  <testcase name="switchToTab" time="2.33" classname="com.worldpay.Assignment"/>
  <testcase name="placeOrder" time="6.611" classname="com.worldpay.Assignment"/>
</testsuite> <!-- Default test -->
