<?xml version="1.0" encoding="UTF-8"?>
<testng-results skipped="0" failed="0" ignored="0" total="5" passed="5">
  <reporter-output>
  </reporter-output>
  <suite name="Default suite" duration-ms="25365" started-at="2019-09-29T07:29:49Z" finished-at="2019-09-29T07:30:14Z">
    <groups>
    </groups>
    <test name="Default test" duration-ms="25365" started-at="2019-09-29T07:29:49Z" finished-at="2019-09-29T07:30:14Z">
      <class name="com.worldpay.Assignment">
        <test-method status="PASS" signature="browser()[pri:0, instance:com.worldpay.Assignment@2e3fc542]" name="browser" is-config="true" duration-ms="4675" started-at="2019-09-29T07:29:49Z" finished-at="2019-09-29T07:29:53Z">
          <reporter-output>
          </reporter-output>
        </test-method> <!-- browser -->
        <test-method status="PASS" signature="readCredentials()[pri:1, instance:com.worldpay.Assignment@2e3fc542]" name="readCredentials" duration-ms="532" started-at="2019-09-29T07:29:53Z" finished-at="2019-09-29T07:29:54Z">
          <reporter-output>
          </reporter-output>
        </test-method> <!-- readCredentials -->
        <test-method status="PASS" signature="login()[pri:2, instance:com.worldpay.Assignment@2e3fc542]" name="login" duration-ms="5932" started-at="2019-09-29T07:29:54Z" finished-at="2019-09-29T07:30:00Z">
          <reporter-output>
          </reporter-output>
        </test-method> <!-- login -->
        <test-method status="PASS" signature="searchAndSelectProduct()[pri:3, instance:com.worldpay.Assignment@2e3fc542]" name="searchAndSelectProduct" duration-ms="5256" started-at="2019-09-29T07:30:00Z" finished-at="2019-09-29T07:30:05Z">
          <reporter-output>
          </reporter-output>
        </test-method> <!-- searchAndSelectProduct -->
        <test-method status="PASS" signature="switchToTab()[pri:4, instance:com.worldpay.Assignment@2e3fc542]" name="switchToTab" duration-ms="2330" started-at="2019-09-29T07:30:05Z" finished-at="2019-09-29T07:30:08Z">
          <reporter-output>
          </reporter-output>
        </test-method> <!-- switchToTab -->
        <test-method status="PASS" signature="placeOrder()[pri:5, instance:com.worldpay.Assignment@2e3fc542]" name="placeOrder" duration-ms="6611" started-at="2019-09-29T07:30:08Z" finished-at="2019-09-29T07:30:14Z">
          <reporter-output>
          </reporter-output>
        </test-method> <!-- placeOrder -->
      </class> <!-- com.worldpay.Assignment -->
    </test> <!-- Default test -->
  </suite> <!-- Default suite -->
</testng-results>
